
  .   ____          _            __ _ _
 /\\ / ___'_ __ _ _(_)_ __  __ _ \ \ \ \
( ( )\___ | '_ | '_| | '_ \/ _` | \ \ \ \
 \\/  ___)| |_)| | | | | || (_| |  ) ) ) )
  '  |____| .__|_| |_|_| |_\__, | / / / /
 =========|_|==============|___/=/_/_/_/
 :: Spring Boot ::        (v1.5.2.RELEASE)

2017-04-21 16:48:19.435  INFO 20628 --- [           main] c.g.logistics.LogisticsApplication       : Starting LogisticsApplication on KIIIKKI-59NG6IR with PID 20628 (D:\chenyb\myproject\finally\logistics\target\classes started by DHUser in D:\chenyb\myproject\finally\logistics)
2017-04-21 16:48:19.459  INFO 20628 --- [           main] c.g.logistics.LogisticsApplication       : No active profile set, falling back to default profiles: default
2017-04-21 16:48:19.681  INFO 20628 --- [           main] ationConfigEmbeddedWebApplicationContext : Refreshing org.springframework.boot.context.embedded.AnnotationConfigEmbeddedWebApplicationContext@2976b5b: startup date [Fri Apr 21 16:48:19 CST 2017]; root of context hierarchy
2017-04-21 16:48:21.590  INFO 20628 --- [           main] trationDelegate$BeanPostProcessorChecker : Bean 'org.springframework.transaction.annotation.ProxyTransactionManagementConfiguration' of type [org.springframework.transaction.annotation.ProxyTransactionManagementConfiguration$$EnhancerBySpringCGLIB$$735ede8b] is not eligible for getting processed by all BeanPostProcessors (for example: not eligible for auto-proxying)
2017-04-21 16:48:21.748  INFO 20628 --- [           main] trationDelegate$BeanPostProcessorChecker : Bean 'org.springframework.security.config.annotation.configuration.ObjectPostProcessorConfiguration' of type [org.springframework.security.config.annotation.configuration.ObjectPostProcessorConfiguration$$EnhancerBySpringCGLIB$$c0ca6c5] is not eligible for getting processed by all BeanPostProcessors (for example: not eligible for auto-proxying)
2017-04-21 16:48:21.760  INFO 20628 --- [           main] trationDelegate$BeanPostProcessorChecker : Bean 'objectPostProcessor' of type [org.springframework.security.config.annotation.configuration.AutowireBeanFactoryObjectPostProcessor] is not eligible for getting processed by all BeanPostProcessors (for example: not eligible for auto-proxying)
2017-04-21 16:48:21.766  INFO 20628 --- [           main] trationDelegate$BeanPostProcessorChecker : Bean 'org.springframework.security.access.expression.method.DefaultMethodSecurityExpressionHandler@23b2412a' of type [org.springframework.security.oauth2.provider.expression.OAuth2MethodSecurityExpressionHandler] is not eligible for getting processed by all BeanPostProcessors (for example: not eligible for auto-proxying)
2017-04-21 16:48:21.776  INFO 20628 --- [           main] trationDelegate$BeanPostProcessorChecker : Bean 'org.springframework.security.config.annotation.method.configuration.GlobalMethodSecurityConfiguration' of type [org.springframework.security.config.annotation.method.configuration.GlobalMethodSecurityConfiguration$$EnhancerBySpringCGLIB$$30e14977] is not eligible for getting processed by all BeanPostProcessors (for example: not eligible for auto-proxying)
2017-04-21 16:48:21.797  INFO 20628 --- [           main] trationDelegate$BeanPostProcessorChecker : Bean 'methodSecurityMetadataSource' of type [org.springframework.security.access.method.DelegatingMethodSecurityMetadataSource] is not eligible for getting processed by all BeanPostProcessors (for example: not eligible for auto-proxying)
2017-04-21 16:48:21.809  INFO 20628 --- [           main] trationDelegate$BeanPostProcessorChecker : Bean 'org.springframework.cache.annotation.ProxyCachingConfiguration' of type [org.springframework.cache.annotation.ProxyCachingConfiguration$$EnhancerBySpringCGLIB$$bc7114a9] is not eligible for getting processed by all BeanPostProcessors (for example: not eligible for auto-proxying)
2017-04-21 16:48:21.839  INFO 20628 --- [           main] trationDelegate$BeanPostProcessorChecker : Bean 'org.springframework.boot.autoconfigure.cache.CacheAutoConfiguration' of type [org.springframework.boot.autoconfigure.cache.CacheAutoConfiguration$$EnhancerBySpringCGLIB$$b0e4d94d] is not eligible for getting processed by all BeanPostProcessors (for example: not eligible for auto-proxying)
2017-04-21 16:48:21.882  INFO 20628 --- [           main] trationDelegate$BeanPostProcessorChecker : Bean 'spring.cache-org.springframework.boot.autoconfigure.cache.CacheProperties' of type [org.springframework.boot.autoconfigure.cache.CacheProperties] is not eligible for getting processed by all BeanPostProcessors (for example: not eligible for auto-proxying)
2017-04-21 16:48:21.917  INFO 20628 --- [           main] trationDelegate$BeanPostProcessorChecker : Bean 'cacheManagerCustomizers' of type [org.springframework.boot.autoconfigure.cache.CacheManagerCustomizers] is not eligible for getting processed by all BeanPostProcessors (for example: not eligible for auto-proxying)
2017-04-21 16:48:21.925  INFO 20628 --- [           main] trationDelegate$BeanPostProcessorChecker : Bean 'org.springframework.boot.autoconfigure.cache.GuavaCacheConfiguration' of type [org.springframework.boot.autoconfigure.cache.GuavaCacheConfiguration$$EnhancerBySpringCGLIB$$88211ea] is not eligible for getting processed by all BeanPostProcessors (for example: not eligible for auto-proxying)
2017-04-21 16:48:21.959  INFO 20628 --- [           main] trationDelegate$BeanPostProcessorChecker : Bean 'cacheManager' of type [org.springframework.cache.guava.GuavaCacheManager] is not eligible for getting processed by all BeanPostProcessors (for example: not eligible for auto-proxying)
2017-04-21 16:48:21.960  INFO 20628 --- [           main] trationDelegate$BeanPostProcessorChecker : Bean 'cacheAutoConfigurationValidator' of type [org.springframework.boot.autoconfigure.cache.CacheAutoConfiguration$CacheManagerValidator] is not eligible for getting processed by all BeanPostProcessors (for example: not eligible for auto-proxying)
2017-04-21 16:48:22.206  INFO 20628 --- [           main] trationDelegate$BeanPostProcessorChecker : Bean 'security.oauth2.client-org.springframework.boot.autoconfigure.security.oauth2.OAuth2ClientProperties' of type [org.springframework.boot.autoconfigure.security.oauth2.OAuth2ClientProperties] is not eligible for getting processed by all BeanPostProcessors (for example: not eligible for auto-proxying)
2017-04-21 16:48:22.210  INFO 20628 --- [           main] trationDelegate$BeanPostProcessorChecker : Bean 'org.springframework.boot.autoconfigure.security.oauth2.OAuth2AutoConfiguration' of type [org.springframework.boot.autoconfigure.security.oauth2.OAuth2AutoConfiguration$$EnhancerBySpringCGLIB$$2aa89a8b] is not eligible for getting processed by all BeanPostProcessors (for example: not eligible for auto-proxying)
2017-04-21 16:48:22.231  INFO 20628 --- [           main] trationDelegate$BeanPostProcessorChecker : Bean 'resourceServerProperties' of type [org.springframework.boot.autoconfigure.security.oauth2.resource.ResourceServerProperties] is not eligible for getting processed by all BeanPostProcessors (for example: not eligible for auto-proxying)
2017-04-21 16:48:22.933  INFO 20628 --- [           main] s.b.c.e.t.TomcatEmbeddedServletContainer : Tomcat initialized with port(s): 8080 (http)
2017-04-21 16:48:22.987  INFO 20628 --- [           main] o.apache.catalina.core.StandardService   : Starting service Tomcat
2017-04-21 16:48:22.988  INFO 20628 --- [           main] org.apache.catalina.core.StandardEngine  : Starting Servlet Engine: Apache Tomcat/8.5.11
2017-04-21 16:48:23.229  INFO 20628 --- [ost-startStop-1] o.a.c.c.C.[Tomcat].[localhost].[/]       : Initializing Spring embedded WebApplicationContext
2017-04-21 16:48:23.229  INFO 20628 --- [ost-startStop-1] o.s.web.context.ContextLoader            : Root WebApplicationContext: initialization completed in 3550 ms
2017-04-21 16:48:23.315  INFO 20628 --- [ost-startStop-1] c.g.logistics.common.config.BaseConfig   : druidServlet
2017-04-21 16:48:23.351  INFO 20628 --- [ost-startStop-1] c.g.logistics.common.config.BaseConfig   : filterRegistrationBean
2017-04-21 16:48:23.619  INFO 20628 --- [ost-startStop-1] o.s.b.w.servlet.FilterRegistrationBean   : Mapping filter: 'characterEncodingFilter' to: [/*]
2017-04-21 16:48:23.620  INFO 20628 --- [ost-startStop-1] o.s.b.w.servlet.FilterRegistrationBean   : Mapping filter: 'hiddenHttpMethodFilter' to: [/*]
2017-04-21 16:48:23.620  INFO 20628 --- [ost-startStop-1] o.s.b.w.servlet.FilterRegistrationBean   : Mapping filter: 'httpPutFormContentFilter' to: [/*]
2017-04-21 16:48:23.620  INFO 20628 --- [ost-startStop-1] o.s.b.w.servlet.FilterRegistrationBean   : Mapping filter: 'requestContextFilter' to: [/*]
2017-04-21 16:48:23.622  INFO 20628 --- [ost-startStop-1] .s.DelegatingFilterProxyRegistrationBean : Mapping filter: 'springSecurityFilterChain' to: [/*]
2017-04-21 16:48:23.622  INFO 20628 --- [ost-startStop-1] o.s.b.w.servlet.FilterRegistrationBean   : Mapping filter: 'webStatFilter' to urls: [/*]
2017-04-21 16:48:23.623  INFO 20628 --- [ost-startStop-1] o.s.b.w.servlet.ServletRegistrationBean  : Mapping servlet: 'statViewServlet' to [/druid/*]
2017-04-21 16:48:23.624  INFO 20628 --- [ost-startStop-1] o.s.b.w.servlet.ServletRegistrationBean  : Mapping servlet: 'dispatcherServlet' to [/]
2017-04-21 16:48:24.703  INFO 20628 --- [           main] com.alibaba.druid.pool.DruidDataSource   : {dataSource-1} inited
2017-04-21 16:48:25.337  INFO 20628 --- [           main] j.LocalContainerEntityManagerFactoryBean : Building JPA container EntityManagerFactory for persistence unit 'default'
2017-04-21 16:48:25.439  INFO 20628 --- [           main] o.hibernate.jpa.internal.util.LogHelper  : HHH000204: Processing PersistenceUnitInfo [
	name: default
	...]
2017-04-21 16:48:25.749  INFO 20628 --- [           main] org.hibernate.Version                    : HHH000412: Hibernate Core {5.0.12.Final}
2017-04-21 16:48:25.752  INFO 20628 --- [           main] org.hibernate.cfg.Environment            : HHH000206: hibernate.properties not found
2017-04-21 16:48:25.755  INFO 20628 --- [           main] org.hibernate.cfg.Environment            : HHH000021: Bytecode provider name : javassist
2017-04-21 16:48:25.942  INFO 20628 --- [           main] o.hibernate.annotations.common.Version   : HCANN000001: Hibernate Commons Annotations {5.0.1.Final}
2017-04-21 16:48:26.383  INFO 20628 --- [           main] org.hibernate.dialect.Dialect            : HHH000400: Using dialect: org.hibernate.dialect.MySQL5Dialect
2017-04-21 16:48:27.562  INFO 20628 --- [           main] org.hibernate.tool.hbm2ddl.SchemaUpdate  : HHH000228: Running hbm2ddl schema update
2017-04-21 16:48:27.926  INFO 20628 --- [           main] j.LocalContainerEntityManagerFactoryBean : Initialized JPA EntityManagerFactory for persistence unit 'default'
2017-04-21 16:48:27.971  INFO 20628 --- [           main] c.g.l.c.c.AuthorizationServerConfig      : tokenStore！
2017-04-21 16:48:28.966  INFO 20628 --- [           main] c.g.l.common.config.WebSecurityConfig    : WebSecurityConfig.init
2017-04-21 16:48:30.316  INFO 20628 --- [           main] o.h.h.i.QueryTranslatorFactoryInitiator  : HHH000397: Using ASTQueryTranslatorFactory
2017-04-21 16:48:34.476  INFO 20628 --- [           main] c.g.l.c.c.AuthorizationServerConfig      : 配置userSerivce！
2017-04-21 16:48:35.853  INFO 20628 --- [           main] .s.o.p.e.FrameworkEndpointHandlerMapping : Mapped "{[/oauth/authorize],methods=[POST],params=[user_oauth_approval]}" onto public org.springframework.web.servlet.View org.springframework.security.oauth2.provider.endpoint.AuthorizationEndpoint.approveOrDeny(java.util.Map<java.lang.String, java.lang.String>,java.util.Map<java.lang.String, ?>,org.springframework.web.bind.support.SessionStatus,java.security.Principal)
2017-04-21 16:48:35.854  INFO 20628 --- [           main] .s.o.p.e.FrameworkEndpointHandlerMapping : Mapped "{[/oauth/authorize]}" onto public org.springframework.web.servlet.ModelAndView org.springframework.security.oauth2.provider.endpoint.AuthorizationEndpoint.authorize(java.util.Map<java.lang.String, java.lang.Object>,java.util.Map<java.lang.String, java.lang.String>,org.springframework.web.bind.support.SessionStatus,java.security.Principal)
2017-04-21 16:48:35.855  INFO 20628 --- [           main] .s.o.p.e.FrameworkEndpointHandlerMapping : Mapped "{[/oauth/token],methods=[GET]}" onto public org.springframework.http.ResponseEntity<org.springframework.security.oauth2.common.OAuth2AccessToken> org.springframework.security.oauth2.provider.endpoint.TokenEndpoint.getAccessToken(java.security.Principal,java.util.Map<java.lang.String, java.lang.String>) throws org.springframework.web.HttpRequestMethodNotSupportedException
2017-04-21 16:48:35.856  INFO 20628 --- [           main] .s.o.p.e.FrameworkEndpointHandlerMapping : Mapped "{[/oauth/token],methods=[POST]}" onto public org.springframework.http.ResponseEntity<org.springframework.security.oauth2.common.OAuth2AccessToken> org.springframework.security.oauth2.provider.endpoint.TokenEndpoint.postAccessToken(java.security.Principal,java.util.Map<java.lang.String, java.lang.String>) throws org.springframework.web.HttpRequestMethodNotSupportedException
2017-04-21 16:48:35.856  INFO 20628 --- [           main] .s.o.p.e.FrameworkEndpointHandlerMapping : Mapped "{[/oauth/check_token]}" onto public java.util.Map<java.lang.String, ?> org.springframework.security.oauth2.provider.endpoint.CheckTokenEndpoint.checkToken(java.lang.String)
2017-04-21 16:48:35.857  INFO 20628 --- [           main] .s.o.p.e.FrameworkEndpointHandlerMapping : Mapped "{[/oauth/confirm_access]}" onto public org.springframework.web.servlet.ModelAndView org.springframework.security.oauth2.provider.endpoint.WhitelabelApprovalEndpoint.getAccessConfirmation(java.util.Map<java.lang.String, java.lang.Object>,javax.servlet.http.HttpServletRequest) throws java.lang.Exception
2017-04-21 16:48:35.857  INFO 20628 --- [           main] .s.o.p.e.FrameworkEndpointHandlerMapping : Mapped "{[/oauth/error]}" onto public org.springframework.web.servlet.ModelAndView org.springframework.security.oauth2.provider.endpoint.WhitelabelErrorEndpoint.handleError(javax.servlet.http.HttpServletRequest)
2017-04-21 16:48:36.721  INFO 20628 --- [           main] s.w.s.m.m.a.RequestMappingHandlerMapping : Mapped "{[/demo/put],methods=[PUT]}" onto public org.springframework.http.ResponseEntity<?> com.genpact.logistics.modules.demo.controller.DemoCacheController.put(com.genpact.logistics.modules.demo.entity.DemoCache)
2017-04-21 16:48:36.721  INFO 20628 --- [           main] s.w.s.m.m.a.RequestMappingHandlerMapping : Mapped "{[/demo/findAll],methods=[GET]}" onto public org.springframework.http.ResponseEntity<?> com.genpact.logistics.modules.demo.controller.DemoCacheController.findAll()
2017-04-21 16:48:36.721  INFO 20628 --- [           main] s.w.s.m.m.a.RequestMappingHandlerMapping : Mapped "{[/demo/{id}],methods=[GET]}" onto public org.springframework.http.ResponseEntity<?> com.genpact.logistics.modules.demo.controller.DemoCacheController.cacheable(java.lang.Integer)
2017-04-21 16:48:36.722  INFO 20628 --- [           main] s.w.s.m.m.a.RequestMappingHandlerMapping : Mapped "{[/demo/{id}/delete]}" onto public org.springframework.http.ResponseEntity<?> com.genpact.logistics.modules.demo.controller.DemoCacheController.evit(java.lang.Integer)
2017-04-21 16:48:36.728  INFO 20628 --- [           main] s.w.s.m.m.a.RequestMappingHandlerMapping : Mapped "{[/order/put],methods=[PUT]}" onto public org.springframework.http.ResponseEntity<?> com.genpact.logistics.modules.order.controller.OrderController.put(com.genpact.logistics.modules.order.entity.Order)
2017-04-21 16:48:36.729  INFO 20628 --- [           main] s.w.s.m.m.a.RequestMappingHandlerMapping : Mapped "{[/order/findAll],methods=[GET]}" onto public org.springframework.http.ResponseEntity<?> com.genpact.logistics.modules.order.controller.OrderController.findAll()
2017-04-21 16:48:36.729  INFO 20628 --- [           main] s.w.s.m.m.a.RequestMappingHandlerMapping : Mapped "{[/order/{id}],methods=[GET]}" onto public org.springframework.http.ResponseEntity<?> com.genpact.logistics.modules.order.controller.OrderController.cacheable(java.lang.Integer)
2017-04-21 16:48:36.730  INFO 20628 --- [           main] s.w.s.m.m.a.RequestMappingHandlerMapping : Mapped "{[/order/{id1}/{id2}],methods=[GET]}" onto public org.springframework.http.ResponseEntity<?> com.genpact.logistics.modules.order.controller.OrderController.cacheable(int,int)
2017-04-21 16:48:36.730  INFO 20628 --- [           main] s.w.s.m.m.a.RequestMappingHandlerMapping : Mapped "{[/order/{id}/delete]}" onto public org.springframework.http.ResponseEntity<?> com.genpact.logistics.modules.order.controller.OrderController.evit(java.lang.Integer)
2017-04-21 16:48:36.731  INFO 20628 --- [           main] s.w.s.m.m.a.RequestMappingHandlerMapping : Mapped "{[/order/put1],methods=[PUT]}" onto public org.springframework.http.ResponseEntity<?> com.genpact.logistics.modules.order.controller.OrderController.test1()
2017-04-21 16:48:36.731  INFO 20628 --- [           main] s.w.s.m.m.a.RequestMappingHandlerMapping : Mapped "{[/order/put2],methods=[PUT]}" onto public org.springframework.http.ResponseEntity<?> com.genpact.logistics.modules.order.controller.OrderController.test2()
2017-04-21 16:48:36.732  INFO 20628 --- [           main] s.w.s.m.m.a.RequestMappingHandlerMapping : Mapped "{[/order/put4],methods=[PUT]}" onto public org.springframework.http.ResponseEntity<?> com.genpact.logistics.modules.order.controller.OrderController.test4()
2017-04-21 16:48:36.732  INFO 20628 --- [           main] s.w.s.m.m.a.RequestMappingHandlerMapping : Mapped "{[/order/put5],methods=[PUT]}" onto public org.springframework.http.ResponseEntity<?> com.genpact.logistics.modules.order.controller.OrderController.test5()
2017-04-21 16:48:36.732  INFO 20628 --- [           main] s.w.s.m.m.a.RequestMappingHandlerMapping : Mapped "{[/order/put6],methods=[PUT]}" onto public org.springframework.http.ResponseEntity<?> com.genpact.logistics.modules.order.controller.OrderController.test6()
2017-04-21 16:48:36.733  INFO 20628 --- [           main] s.w.s.m.m.a.RequestMappingHandlerMapping : Mapped "{[/order/byName],methods=[GET]}" onto public org.springframework.http.ResponseEntity<?> com.genpact.logistics.modules.order.controller.OrderController.findAllBase(java.lang.String)
2017-04-21 16:48:36.734  INFO 20628 --- [           main] s.w.s.m.m.a.RequestMappingHandlerMapping : Mapped "{[/v2/api-docs],methods=[GET],produces=[application/json || application/hal+json]}" onto public org.springframework.http.ResponseEntity<springfox.documentation.spring.web.json.Json> springfox.documentation.swagger2.web.Swagger2Controller.getDocumentation(java.lang.String,javax.servlet.http.HttpServletRequest)
2017-04-21 16:48:36.748  INFO 20628 --- [           main] s.w.s.m.m.a.RequestMappingHandlerMapping : Mapped "{[/swagger-resources/configuration/security]}" onto org.springframework.http.ResponseEntity<springfox.documentation.swagger.web.SecurityConfiguration> springfox.documentation.swagger.web.ApiResourceController.securityConfiguration()
2017-04-21 16:48:36.748  INFO 20628 --- [           main] s.w.s.m.m.a.RequestMappingHandlerMapping : Mapped "{[/swagger-resources/configuration/ui]}" onto org.springframework.http.ResponseEntity<springfox.documentation.swagger.web.UiConfiguration> springfox.documentation.swagger.web.ApiResourceController.uiConfiguration()
2017-04-21 16:48:36.749  INFO 20628 --- [           main] s.w.s.m.m.a.RequestMappingHandlerMapping : Mapped "{[/swagger-resources]}" onto org.springframework.http.ResponseEntity<java.util.List<springfox.documentation.swagger.web.SwaggerResource>> springfox.documentation.swagger.web.ApiResourceController.swaggerResources()
2017-04-21 16:48:36.762  INFO 20628 --- [           main] s.w.s.m.m.a.RequestMappingHandlerMapping : Mapped "{[/error]}" onto public org.springframework.http.ResponseEntity<java.util.Map<java.lang.String, java.lang.Object>> org.springframework.boot.autoconfigure.web.BasicErrorController.error(javax.servlet.http.HttpServletRequest)
2017-04-21 16:48:36.763  INFO 20628 --- [           main] s.w.s.m.m.a.RequestMappingHandlerMapping : Mapped "{[/error],produces=[text/html]}" onto public org.springframework.web.servlet.ModelAndView org.springframework.boot.autoconfigure.web.BasicErrorController.errorHtml(javax.servlet.http.HttpServletRequest,javax.servlet.http.HttpServletResponse)
2017-04-21 16:48:38.045  INFO 20628 --- [           main] c.g.l.c.c.AuthorizationServerConfig      : 初始化授权信息！
2017-04-21 16:48:38.072  INFO 20628 --- [           main] c.g.l.c.c.AuthorizationServerConfig      : tokenServices！
2017-04-21 16:48:38.152  INFO 20628 --- [           main] c.g.l.common.config.SwaggerConfig        : create api!
2017-04-21 16:48:38.226  INFO 20628 --- [           main] c.g.l.common.config.SwaggerConfig        : api Info!
2017-04-21 16:48:39.041  INFO 20628 --- [           main] s.w.s.m.m.a.RequestMappingHandlerAdapter : Looking for @ControllerAdvice: org.springframework.boot.context.embedded.AnnotationConfigEmbeddedWebApplicationContext@2976b5b: startup date [Fri Apr 21 16:48:19 CST 2017]; root of context hierarchy
2017-04-21 16:48:39.616  INFO 20628 --- [           main] o.s.w.s.handler.SimpleUrlHandlerMapping  : Mapped URL path [/webjars/**] onto handler of type [class org.springframework.web.servlet.resource.ResourceHttpRequestHandler]
2017-04-21 16:48:39.616  INFO 20628 --- [           main] o.s.w.s.handler.SimpleUrlHandlerMapping  : Mapped URL path [/**] onto handler of type [class org.springframework.web.servlet.resource.ResourceHttpRequestHandler]
2017-04-21 16:48:39.843  INFO 20628 --- [           main] o.s.w.s.handler.SimpleUrlHandlerMapping  : Mapped URL path [/**/favicon.ico] onto handler of type [class org.springframework.web.servlet.resource.ResourceHttpRequestHandler]
2017-04-21 16:48:40.013  WARN 20628 --- [           main] .t.AbstractTemplateResolverConfiguration : Cannot find template location: classpath:/templates/ (please add some templates or check your Thymeleaf configuration)
2017-04-21 16:48:47.313  INFO 20628 --- [           main] c.g.l.c.config.ResourceServerConfig      : 微服务资源管理设置！
2017-04-21 16:48:47.318  INFO 20628 --- [           main] o.s.s.web.DefaultSecurityFilterChain     : Creating filter chain: OrRequestMatcher [requestMatchers=[Ant [pattern='/css/**'], Ant [pattern='/js/**'], Ant [pattern='/images/**'], Ant [pattern='/webjars/**'], Ant [pattern='/**/favicon.ico'], Ant [pattern='/error']]], []
2017-04-21 16:48:47.431  INFO 20628 --- [           main] o.s.s.web.DefaultSecurityFilterChain     : Creating filter chain: OrRequestMatcher [requestMatchers=[Ant [pattern='/oauth/token'], Ant [pattern='/oauth/token_key'], Ant [pattern='/oauth/check_token']]], [org.springframework.security.web.context.request.async.WebAsyncManagerIntegrationFilter@42d88738, org.springframework.security.web.context.SecurityContextPersistenceFilter@101e3768, org.springframework.security.web.header.HeaderWriterFilter@6bc298f0, org.springframework.security.web.authentication.logout.LogoutFilter@46025cad, org.springframework.security.web.authentication.www.BasicAuthenticationFilter@792e1749, org.springframework.security.web.savedrequest.RequestCacheAwareFilter@1e5ca1ad, org.springframework.security.web.servletapi.SecurityContextHolderAwareRequestFilter@787cec06, org.springframework.security.web.authentication.AnonymousAuthenticationFilter@15958fd1, org.springframework.security.web.session.SessionManagementFilter@263a9ed3, org.springframework.security.web.access.ExceptionTranslationFilter@2d415de, org.springframework.security.web.access.intercept.FilterSecurityInterceptor@4242300b]
2017-04-21 16:48:47.449  INFO 20628 --- [           main] o.s.s.web.DefaultSecurityFilterChain     : Creating filter chain: org.springframework.security.oauth2.config.annotation.web.configuration.ResourceServerConfiguration$NotOAuthRequestMatcher@26b0cfb, [org.springframework.security.web.context.request.async.WebAsyncManagerIntegrationFilter@422133fa, org.springframework.security.web.context.SecurityContextPersistenceFilter@659eefd, org.springframework.security.web.header.HeaderWriterFilter@225b0af6, org.springframework.security.web.authentication.logout.LogoutFilter@a7520da, org.springframework.security.oauth2.provider.authentication.OAuth2AuthenticationProcessingFilter@36d2a8e5, org.springframework.security.web.savedrequest.RequestCacheAwareFilter@7a59274c, org.springframework.security.web.servletapi.SecurityContextHolderAwareRequestFilter@73232d54, org.springframework.security.web.authentication.AnonymousAuthenticationFilter@11db8401, org.springframework.security.web.session.SessionManagementFilter@72cae19, org.springframework.security.web.access.ExceptionTranslationFilter@70fbc945, org.springframework.security.web.access.intercept.FilterSecurityInterceptor@72f6365c]
2017-04-21 16:48:47.453  INFO 20628 --- [           main] o.s.s.web.DefaultSecurityFilterChain     : Creating filter chain: OrRequestMatcher [requestMatchers=[Ant [pattern='/**']]], [org.springframework.security.web.context.request.async.WebAsyncManagerIntegrationFilter@53ceedff, org.springframework.security.web.context.SecurityContextPersistenceFilter@656baee0, org.springframework.security.web.header.HeaderWriterFilter@667572cd, org.springframework.security.web.authentication.logout.LogoutFilter@208807f1, org.springframework.security.web.authentication.www.BasicAuthenticationFilter@42c16fe6, org.springframework.security.web.savedrequest.RequestCacheAwareFilter@a62825, org.springframework.security.web.servletapi.SecurityContextHolderAwareRequestFilter@1c959578, org.springframework.security.web.authentication.AnonymousAuthenticationFilter@366b2b55, org.springframework.security.web.session.SessionManagementFilter@28c42548, org.springframework.security.web.access.ExceptionTranslationFilter@6f4bff88, org.springframework.security.web.access.intercept.FilterSecurityInterceptor@5d373650]
2017-04-21 16:48:47.642  INFO 20628 --- [           main] o.s.j.e.a.AnnotationMBeanExporter        : Registering beans for JMX exposure on startup
2017-04-21 16:48:47.644  INFO 20628 --- [           main] o.s.j.e.a.AnnotationMBeanExporter        : Bean with name 'dataSource' has been autodetected for JMX exposure
2017-04-21 16:48:47.649  INFO 20628 --- [           main] o.s.j.e.a.AnnotationMBeanExporter        : Located MBean 'dataSource': registering with JMX server as MBean [com.alibaba.druid.pool:name=dataSource,type=DruidDataSource]
2017-04-21 16:48:47.667  INFO 20628 --- [           main] o.s.c.support.DefaultLifecycleProcessor  : Starting beans in phase 2147483647
2017-04-21 16:48:47.667  INFO 20628 --- [           main] d.s.w.p.DocumentationPluginsBootstrapper : Context refreshed
2017-04-21 16:48:47.711  INFO 20628 --- [           main] d.s.w.p.DocumentationPluginsBootstrapper : Found 1 custom documentation plugin(s)
2017-04-21 16:48:47.723  INFO 20628 --- [           main] s.d.s.w.s.ApiListingReferenceScanner     : Scanning for api listing references
2017-04-21 16:48:48.247  INFO 20628 --- [           main] .d.s.w.r.o.CachingOperationNameGenerator : Generating unique operation named: cacheableUsingGET_1
2017-04-21 16:48:48.256  INFO 20628 --- [           main] .d.s.w.r.o.CachingOperationNameGenerator : Generating unique operation named: cacheableUsingGET_2
2017-04-21 16:48:48.264  INFO 20628 --- [           main] .d.s.w.r.o.CachingOperationNameGenerator : Generating unique operation named: evitUsingGET_1
2017-04-21 16:48:48.270  INFO 20628 --- [           main] .d.s.w.r.o.CachingOperationNameGenerator : Generating unique operation named: evitUsingHEAD_1
2017-04-21 16:48:48.275  INFO 20628 --- [           main] .d.s.w.r.o.CachingOperationNameGenerator : Generating unique operation named: evitUsingPOST_1
2017-04-21 16:48:48.280  INFO 20628 --- [           main] .d.s.w.r.o.CachingOperationNameGenerator : Generating unique operation named: evitUsingPUT_1
2017-04-21 16:48:48.286  INFO 20628 --- [           main] .d.s.w.r.o.CachingOperationNameGenerator : Generating unique operation named: evitUsingPATCH_1
2017-04-21 16:48:48.292  INFO 20628 --- [           main] .d.s.w.r.o.CachingOperationNameGenerator : Generating unique operation named: evitUsingDELETE_1
2017-04-21 16:48:48.297  INFO 20628 --- [           main] .d.s.w.r.o.CachingOperationNameGenerator : Generating unique operation named: evitUsingOPTIONS_1
2017-04-21 16:48:48.303  INFO 20628 --- [           main] .d.s.w.r.o.CachingOperationNameGenerator : Generating unique operation named: evitUsingTRACE_1
2017-04-21 16:48:48.309  INFO 20628 --- [           main] .d.s.w.r.o.CachingOperationNameGenerator : Generating unique operation named: findAllUsingGET_1
2017-04-21 16:48:48.327  INFO 20628 --- [           main] .d.s.w.r.o.CachingOperationNameGenerator : Generating unique operation named: putUsingPUT_1
2017-04-21 16:48:48.633  INFO 20628 --- [           main] s.b.c.e.t.TomcatEmbeddedServletContainer : Tomcat started on port(s): 8080 (http)
2017-04-21 16:48:48.639  INFO 20628 --- [           main] c.g.logistics.LogisticsApplication       : Started LogisticsApplication in 29.518 seconds (JVM running for 29.834)
